May-20 13:26:48.219 [main] DEBUG nextflow.cli.Launcher - $> nextflow run pubudumanoj/hic-scaffolding -resume -r 0.1.0
May-20 13:26:48.420 [main] INFO  nextflow.cli.CmdRun - N E X T F L O W  ~  version 21.04.3
May-20 13:26:49.082 [main] DEBUG nextflow.scm.AssetManager - Git config: /home/pubudu/.nextflow/assets/pubudumanoj/hic-scaffolding/.git/config; branch: master; remote: origin; url: https://github.com/pubudumanoj/hic-scaffolding.git
May-20 13:26:49.097 [main] DEBUG nextflow.scm.AssetManager - Git config: /home/pubudu/.nextflow/assets/pubudumanoj/hic-scaffolding/.git/config; branch: master; remote: origin; url: https://github.com/pubudumanoj/hic-scaffolding.git
May-20 13:26:51.145 [main] INFO  nextflow.cli.CmdRun - Launching `pubudumanoj/hic-scaffolding` [agitated_ardinghelli] - revision: bae9b40dab [0.1.0]
May-20 13:26:51.258 [main] DEBUG nextflow.config.ConfigBuilder - Found config base: /home/pubudu/.nextflow/assets/pubudumanoj/hic-scaffolding/nextflow.config
May-20 13:26:51.259 [main] DEBUG nextflow.config.ConfigBuilder - Found config local: /scratch/pubudu/scaffolding/other_projects/scaffolding/Afraterculus/nextflow/hic-scaffolding/nextflow.config
May-20 13:26:51.259 [main] DEBUG nextflow.config.ConfigBuilder - Parsing config file: /home/pubudu/.nextflow/assets/pubudumanoj/hic-scaffolding/nextflow.config
May-20 13:26:51.259 [main] DEBUG nextflow.config.ConfigBuilder - Parsing config file: /scratch/pubudu/scaffolding/other_projects/scaffolding/Afraterculus/nextflow/hic-scaffolding/nextflow.config
May-20 13:26:51.264 [main] DEBUG nextflow.config.ConfigBuilder - Applying config profile: `standard`
May-20 13:26:51.328 [main] DEBUG nextflow.config.ConfigBuilder - Applying config profile: `standard`
May-20 13:26:51.381 [main] DEBUG nextflow.plugin.PluginsFacade - Setting up plugin manager > mode=prod; plugins-dir=/home/pubudu/.nextflow/plugins
May-20 13:26:51.382 [main] DEBUG nextflow.plugin.PluginsFacade - Plugins default=[]
May-20 13:26:51.384 [main] DEBUG nextflow.plugin.PluginsFacade - Plugins local root: .nextflow/plr/empty
May-20 13:26:51.392 [main] INFO  org.pf4j.DefaultPluginStatusProvider - Enabled plugins: []
May-20 13:26:51.393 [main] INFO  org.pf4j.DefaultPluginStatusProvider - Disabled plugins: []
May-20 13:26:51.396 [main] INFO  org.pf4j.DefaultPluginManager - PF4J version 3.4.1 in 'deployment' mode
May-20 13:26:51.403 [main] INFO  org.pf4j.AbstractPluginManager - No plugins
May-20 13:26:51.403 [main] DEBUG nextflow.plugin.PluginsFacade - Plugin 'start' is not required in self-contained mode -- ignoring it for plugins: []
May-20 13:26:51.444 [main] DEBUG nextflow.Session - Session uuid: 7b9b2947-2170-443f-8246-b59a941e9fab
May-20 13:26:51.444 [main] DEBUG nextflow.Session - Run name: agitated_ardinghelli
May-20 13:26:51.445 [main] DEBUG nextflow.Session - Executor pool size: 6
May-20 13:26:51.470 [main] DEBUG nextflow.cli.CmdRun - 
  Version: 21.04.3 build 5563
  Created: 21-07-2021 16:57 UTC (12:57 EDT)
  System: Linux 4.18.0-348.23.1.el8_5.x86_64
  Runtime: Groovy 3.0.7 on OpenJDK 64-Bit Server VM 11.0.2+9
  Encoding: UTF-8 (UTF-8)
  Process: 3549853@narval3.narval.calcul.quebec [10.80.49.3]
  CPUs: 6 - Mem: 251.4 GB (103.2 GB) - Swap: 0 (0)
May-20 13:26:52.318 [main] DEBUG nextflow.Session - Work-dir: /scratch/pubudu/scaffolding/other_projects/scaffolding/Afraterculus/nextflow/hic-scaffolding/work [lustre]
May-20 13:26:52.389 [main] DEBUG nextflow.executor.ExecutorFactory - Extension executors providers=[GoogleLifeSciencesExecutor, AwsBatchExecutor, IgExecutor]
May-20 13:26:52.403 [main] DEBUG nextflow.Session - Observer factory: DefaultObserverFactory
May-20 13:26:52.406 [main] DEBUG nextflow.Session - Observer factory: TowerFactory
May-20 13:26:54.125 [main] DEBUG nextflow.Session - Session start invoked
May-20 13:26:54.963 [main] DEBUG nextflow.script.ScriptRunner - > Launching execution
May-20 13:26:54.973 [main] INFO  nextflow.script.BaseScript - 
=================================
 H I - C   S C A F F O L D I N G   P I P E L I N E
 BY PUBUDU NAWARATHNA
=================================
Workflow Information:
---------------------
  Project Directory:  /home/pubudu/.nextflow/assets/pubudumanoj/hic-scaffolding
  Launch Directory:   /scratch/pubudu/scaffolding/other_projects/scaffolding/Afraterculus/nextflow/hic-scaffolding
  Work Directory:     /scratch/pubudu/scaffolding/other_projects/scaffolding/Afraterculus/nextflow/hic-scaffolding/work
  Config Files:       [/home/pubudu/.nextflow/assets/pubudumanoj/hic-scaffolding/nextflow.config, /scratch/pubudu/scaffolding/other_projects/scaffolding/Afraterculus/nextflow/hic-scaffolding/nextflow.config]
  Container Engine:   null
  Profiles:           standard


May-20 13:26:54.992 [main] DEBUG nextflow.Session - Workflow process names [dsl2]: align_R2, align_R1, index, fasta_faidx_index, creating_hic_file, index_scaffolded_fasta, mark_duplicates, sorted_iterated_alignment, salsa2_scaffolding, filter_R2, filter_R1, sort_bed, make_chromosome_sizes, stats, bam_to_bed, add_read_group, merge_technical_replicates, pair_reads, sam_index
May-20 13:26:55.064 [main] DEBUG nextflow.executor.ExecutorFactory - << taskConfig executor: slurm
May-20 13:26:55.064 [main] DEBUG nextflow.executor.ExecutorFactory - >> processorType: 'slurm'
May-20 13:26:55.070 [main] DEBUG nextflow.executor.Executor - [warm up] executor > slurm
May-20 13:26:55.076 [main] DEBUG n.processor.TaskPollingMonitor - Creating task monitor for executor 'slurm' > capacity: 100; pollInterval: 5s; dumpInterval: 5m 
May-20 13:26:55.081 [main] DEBUG n.executor.AbstractGridExecutor - Creating executor 'slurm' > queue-stat-interval: 1m
May-20 13:26:55.202 [main] DEBUG nextflow.script.ProcessConfig - Config settings `withLabel:align_R1|align_R2` matches label `align_R1` for process with name align_R1
May-20 13:26:55.205 [main] DEBUG nextflow.executor.ExecutorFactory - << taskConfig executor: slurm
May-20 13:26:55.205 [main] DEBUG nextflow.executor.ExecutorFactory - >> processorType: 'slurm'
May-20 13:26:55.212 [main] DEBUG nextflow.script.ProcessConfig - Config settings `withLabel:align_R1|align_R2` matches label `align_R2` for process with name align_R2
May-20 13:26:55.213 [main] DEBUG nextflow.executor.ExecutorFactory - << taskConfig executor: slurm
May-20 13:26:55.213 [main] DEBUG nextflow.executor.ExecutorFactory - >> processorType: 'slurm'
May-20 13:26:55.216 [main] DEBUG nextflow.script.ProcessConfig - Config settings `withLabel:filter` matches label `filter` for process with name filter_R2
May-20 13:26:55.216 [main] DEBUG nextflow.executor.ExecutorFactory - << taskConfig executor: slurm
May-20 13:26:55.216 [main] DEBUG nextflow.executor.ExecutorFactory - >> processorType: 'slurm'
May-20 13:26:55.219 [main] DEBUG nextflow.script.ProcessConfig - Config settings `withLabel:filter` matches label `filter` for process with name filter_R1
May-20 13:26:55.220 [main] DEBUG nextflow.executor.ExecutorFactory - << taskConfig executor: slurm
May-20 13:26:55.220 [main] DEBUG nextflow.executor.ExecutorFactory - >> processorType: 'slurm'
May-20 13:26:55.234 [main] DEBUG nextflow.executor.ExecutorFactory - << taskConfig executor: slurm
May-20 13:26:55.234 [main] DEBUG nextflow.executor.ExecutorFactory - >> processorType: 'slurm'
May-20 13:26:55.239 [main] DEBUG nextflow.executor.ExecutorFactory - << taskConfig executor: slurm
May-20 13:26:55.239 [main] DEBUG nextflow.executor.ExecutorFactory - >> processorType: 'slurm'
May-20 13:26:55.256 [main] DEBUG nextflow.executor.ExecutorFactory - << taskConfig executor: slurm
May-20 13:26:55.257 [main] DEBUG nextflow.executor.ExecutorFactory - >> processorType: 'slurm'
May-20 13:26:55.262 [main] DEBUG nextflow.executor.ExecutorFactory - << taskConfig executor: slurm
May-20 13:26:55.262 [main] DEBUG nextflow.executor.ExecutorFactory - >> processorType: 'slurm'
May-20 13:26:55.267 [main] DEBUG nextflow.executor.ExecutorFactory - << taskConfig executor: slurm
May-20 13:26:55.268 [main] DEBUG nextflow.executor.ExecutorFactory - >> processorType: 'slurm'
May-20 13:26:55.271 [main] DEBUG nextflow.executor.ExecutorFactory - << taskConfig executor: slurm
May-20 13:26:55.271 [main] DEBUG nextflow.executor.ExecutorFactory - >> processorType: 'slurm'
May-20 13:26:55.274 [main] DEBUG nextflow.executor.ExecutorFactory - << taskConfig executor: slurm
May-20 13:26:55.274 [main] DEBUG nextflow.executor.ExecutorFactory - >> processorType: 'slurm'
May-20 13:26:55.276 [main] DEBUG nextflow.executor.ExecutorFactory - << taskConfig executor: slurm
May-20 13:26:55.276 [main] DEBUG nextflow.executor.ExecutorFactory - >> processorType: 'slurm'
May-20 13:26:55.280 [main] DEBUG nextflow.executor.ExecutorFactory - << taskConfig executor: slurm
May-20 13:26:55.280 [main] DEBUG nextflow.executor.ExecutorFactory - >> processorType: 'slurm'
May-20 13:26:55.285 [main] DEBUG nextflow.script.ProcessConfig - Config settings `withLabel:salsa2_scaffolding` matches label `salsa2_scaffolding` for process with name salsa2_scaffolding
May-20 13:26:55.286 [main] DEBUG nextflow.executor.ExecutorFactory - << taskConfig executor: slurm
May-20 13:26:55.286 [main] DEBUG nextflow.executor.ExecutorFactory - >> processorType: 'slurm'
May-20 13:26:55.290 [main] DEBUG nextflow.executor.ExecutorFactory - << taskConfig executor: slurm
May-20 13:26:55.290 [main] DEBUG nextflow.executor.ExecutorFactory - >> processorType: 'slurm'
May-20 13:26:55.296 [main] DEBUG nextflow.executor.ExecutorFactory - << taskConfig executor: slurm
May-20 13:26:55.296 [main] DEBUG nextflow.executor.ExecutorFactory - >> processorType: 'slurm'
May-20 13:26:55.299 [main] DEBUG nextflow.executor.ExecutorFactory - << taskConfig executor: slurm
May-20 13:26:55.299 [main] DEBUG nextflow.executor.ExecutorFactory - >> processorType: 'slurm'
May-20 13:26:55.304 [main] DEBUG nextflow.script.ProcessConfig - Config settings `withLabel:creating_hic_file` matches label `creating_hic_file` for process with name creating_hic_file
May-20 13:26:55.304 [main] DEBUG nextflow.executor.ExecutorFactory - << taskConfig executor: slurm
May-20 13:26:55.304 [main] DEBUG nextflow.executor.ExecutorFactory - >> processorType: 'slurm'
May-20 13:26:55.306 [main] DEBUG nextflow.Session - Ignite dataflow network (27)
May-20 13:26:55.311 [PathVisitor-1] DEBUG nextflow.file.PathVisitor - files for syntax: glob; folder: ./; pattern: *.fasta; options: [:]
May-20 13:26:55.312 [main] DEBUG nextflow.processor.TaskProcessor - Starting process > index
May-20 13:26:55.313 [main] DEBUG nextflow.processor.TaskProcessor - Starting process > align_R1
May-20 13:26:55.313 [main] DEBUG nextflow.processor.TaskProcessor - Starting process > align_R2
May-20 13:26:55.314 [main] DEBUG nextflow.processor.TaskProcessor - Starting process > filter_R2
May-20 13:26:55.314 [PathVisitor-2] DEBUG nextflow.file.PathVisitor - files for syntax: glob; folder: ../../fastq/Afraterculus/; pattern: *R{1,2}_001.fastq.gz; options: [:]
May-20 13:26:55.314 [main] DEBUG nextflow.processor.TaskProcessor - Starting process > filter_R1
May-20 13:26:55.315 [main] DEBUG nextflow.processor.TaskProcessor - Starting process > pair_reads
May-20 13:26:55.318 [main] DEBUG nextflow.processor.TaskProcessor - Starting process > add_read_group
May-20 13:26:55.319 [main] DEBUG nextflow.processor.TaskProcessor - Starting process > merge_technical_replicates
May-20 13:26:55.320 [main] DEBUG nextflow.processor.TaskProcessor - Starting process > mark_duplicates
May-20 13:26:55.320 [main] DEBUG nextflow.processor.TaskProcessor - Starting process > sam_index
May-20 13:26:55.320 [main] DEBUG nextflow.processor.TaskProcessor - Starting process > stats
May-20 13:26:55.321 [main] DEBUG nextflow.processor.TaskProcessor - Starting process > bam_to_bed
May-20 13:26:55.321 [main] DEBUG nextflow.processor.TaskProcessor - Starting process > sort_bed
May-20 13:26:55.322 [PathVisitor-2] DEBUG nextflow.file.PathVisitor - No such file: ../../fastq/Afraterculus/ -- Skipping visit
May-20 13:26:55.323 [main] DEBUG nextflow.processor.TaskProcessor - Starting process > fasta_faidx_index
May-20 13:26:55.323 [PathVisitor-3] DEBUG nextflow.file.PathVisitor - files for syntax: glob; folder: ./; pattern: *.fasta; options: [:]
May-20 13:26:55.323 [main] DEBUG nextflow.processor.TaskProcessor - Starting process > salsa2_scaffolding
May-20 13:26:55.323 [PathVisitor-4] DEBUG nextflow.file.PathVisitor - files for syntax: glob; folder: ./; pattern: *.fasta; options: [:]
May-20 13:26:55.325 [main] DEBUG nextflow.processor.TaskProcessor - Starting process > index_scaffolded_fasta
May-20 13:26:55.325 [main] DEBUG nextflow.processor.TaskProcessor - Starting process > make_chromosome_sizes
May-20 13:26:55.326 [main] DEBUG nextflow.processor.TaskProcessor - Starting process > sorted_iterated_alignment
May-20 13:26:55.326 [main] DEBUG nextflow.processor.TaskProcessor - Starting process > creating_hic_file
May-20 13:26:55.326 [main] DEBUG nextflow.script.ScriptRunner - > Await termination 
May-20 13:26:55.327 [main] DEBUG nextflow.Session - Session await
May-20 13:26:55.548 [Task submitter] DEBUG nextflow.executor.GridTaskHandler - [SLURM] submitted process merge_technical_replicates > jobId: 5971683; workDir: /scratch/pubudu/scaffolding/other_projects/scaffolding/Afraterculus/nextflow/hic-scaffolding/work/c7/51ffba41e4e22de1cbfac712814a95
May-20 13:26:55.552 [Task submitter] INFO  nextflow.Session - [c7/51ffba] Submitted process > merge_technical_replicates
May-20 13:26:57.035 [SIGINT handler] DEBUG nextflow.Session - Session aborted -- Cause: SIGINT
May-20 13:26:57.052 [SIGINT handler] DEBUG nextflow.Session - The following nodes are still active:
[process] mark_duplicates
  status=ACTIVE
  port 0: (value) OPEN  ; channel: input
  port 1: (value) bound ; channel: LABEL
  port 2: (cntrl) -     ; channel: $

[process] sam_index
  status=ACTIVE
  port 0: (value) OPEN  ; channel: input
  port 1: (cntrl) -     ; channel: $

[process] stats
  status=ACTIVE
  port 0: (value) OPEN  ; channel: input
  port 1: (cntrl) -     ; channel: $

[process] bam_to_bed
  status=ACTIVE
  port 0: (value) OPEN  ; channel: input
  port 1: (cntrl) -     ; channel: $

[process] sort_bed
  status=ACTIVE
  port 0: (value) OPEN  ; channel: input
  port 1: (cntrl) -     ; channel: $

May-20 13:26:57.054 [main] DEBUG nextflow.Session - Session await > all process finished
May-20 13:26:57.055 [main] DEBUG nextflow.Session - Session await > all barriers passed
May-20 13:26:57.065 [main] WARN  n.processor.TaskPollingMonitor - Killing pending tasks (1)
May-20 13:26:57.088 [main] DEBUG nextflow.trace.WorkflowStatsObserver - Workflow completed > WorkflowStats[succeededCount=0; failedCount=0; ignoredCount=0; cachedCount=0; pendingCount=0; submittedCount=1; runningCount=-1; retriesCount=0; abortedCount=1; succeedDuration=0ms; failedDuration=0ms; cachedDuration=0ms;loadCpus=-1; loadMemory=0; peakRunning=0; peakCpus=0; peakMemory=0; ]
May-20 13:26:57.269 [main] DEBUG nextflow.CacheDB - Closing CacheDB done
May-20 13:26:57.278 [main] DEBUG nextflow.script.ScriptRunner - > Execution complete -- Goodbye
